(.venv) (base) PS E:\after2024\2025-1\taoyuan>  e:; cd 'e:\after2024\2025-1\taoyuan'; & 'e:\after2024\2025-1\taoyuan\.venv\Scripts\python.exe' 'c:\Users\xhy\.vscode\extensions\ms-python.debugpy-2025.10.0-win32-x64\bundled\libs\debugpy\launcher' '35278' '--' 'E:\after2024\2025-1\taoyuan\main.py' 
launcher' '35278' '--' 'E:\x5cafter2024\x5c2025-1\x5ctaoyuan\x5cmain.py' ;ef500969-9677-4c60-bc74-b49eae092308开始流程
【种地】开始
【查看】缩放最小并定位蒲公英
点按田地
【查看】开始
截屏
ADB offline，尝试重启...
List of devices attached
emulator-5554   device


【查看】制作 prompt
【查看】发送给 VLM 等待返回
【查看】VLM 返回完整内容：harvest
【查看】提取 VLM 返回值
【查看】结束
【种地】执行收获
【播种判断】开始
【查看】缩放最小并定位蒲公英
点按田地
【播种判断】双截图流程
截屏
截屏
【查看】制作 prompt
【查看】发送给 VLM 等待返回
【查看】VLM 返回完整内容：辣椒
【播种判断】提取 VLM 返回值
【播种判断】VLM 返回结果：辣椒
【播种判断】结束
【种地】播种中： 辣椒
【种地】结束
【采集】开始
打开伐木林
【查看】缩放最小并定位蒲公英
处理伐木林
截屏
【查看】制作 prompt
【查看】发送给 VLM 等待返回
【查看】VLM 返回完整内容：<|begin_of_box|>empty<|end_of_box|>
【查看】提取 VLM 返回值
处理区域，状态为： empty
决定采集什么
截屏
【查看】制作 prompt
【查看】发送给 VLM 等待返回
(.venv) (base) PS E:\after2024\2025-1\taoyuan> ^C
(.venv) (base) PS E:\after2024\2025-1\taoyuan>  e:; cd 'e:\after2024\2025-1\taoyuan'; & 'e:\after2024\2025-1\taoyuan\.venv\Scripts\python.exe' 'c:\Users\xhy\.vscode\extensions\ms-python.debugpy-2025.10.0-win32-x64\bundled\libs\debugpy\launcher' '36431' '--' 'E:\after2024\2025-1\taoyuan\main.py' 
开始流程
【种地】开始
【查看】缩放最小并定位蒲公英
点按田地
【查看】开始
截屏
ADB offline，尝试重启...
List of devices attached
emulator-5554   device


【查看】制作 prompt
【查看】发送给 VLM 等待返回
【查看】VLM 返回完整内容：<|begin_of_box|>growing<|end_of_box|>
【查看】提取 VLM 返回值
【查看】结束
【种地】结束
【采集】开始
打开伐木林
【查看】缩放最小并定位蒲公英
处理伐木林
截屏
【查看】制作 prompt
【查看】发送给 VLM 等待返回
【查看】VLM 返回完整内容：<|begin_of_box|>harvest<|end_of_box|>
【查看】提取 VLM 返回值
处理区域，状态为： harvest
决定采集什么
截屏
【查看】制作 prompt
【查看】发送给 VLM 等待返回
【查看】VLM 返回完整内容：<|begin_of_box|>木材<|end_of_box|>
【采集判断】提取 VLM 返回值
采集：木材
点击下一个
处理竹林
截屏
【查看】制作 prompt
【查看】发送给 VLM 等待返回
【查看】VLM 返回完整内容：<|begin_of_box|>picking<|end_of_box|>
【查看】提取 VLM 返回值
处理区域，状态为： picking
点击下一个
处理息壤
截屏
【查看】制作 prompt
【查看】发送给 VLM 等待返回
【查看】VLM 返回完整内容：<|begin_of_box|>harvest<|end_of_box|>
【查看】提取 VLM 返回值
处理区域，状态为： harvest
决定采集什么
截屏
【查看】制作 prompt
【查看】发送给 VLM 等待返回
【查看】VLM 返回完整内容：<|begin_of_box|>原始土<|end_of_box|>
【采集判断】提取 VLM 返回值
采集：原始土
退出界面
【采集】结束
【生产】开始
打开养鸡界面
【查看】缩放最小并定位蒲公英
点击『上一个』
处理陶瓷
尝试收获
截屏
【查看】制作 prompt
【查看】发送给 VLM 等待返回
【查看】VLM 返回完整内容：<|begin_of_box|>[8, 8]<|end_of_box|>
【生产】识别到的库存列表：[8, 8]
【查看】制作 prompt
【查看】发送给 VLM 等待返回
【查看】VLM 返回完整内容：空的
【查看】制作 prompt
【查看】发送给 VLM 等待返回
【查看】VLM 返回完整内容：空的
【查看】制作 prompt
【查看】发送给 VLM 等待返回
【查看】VLM 返回完整内容：<|begin_of_box|>空的<|end_of_box|>
【查看】制作 prompt
【查看】发送给 VLM 等待返回
【查看】VLM 返回完整内容：空的
【查看】制作 prompt
【查看】发送给 VLM 等待返回
【查看】VLM 返回完整内容：空的
【查看】制作 prompt
【查看】发送给 VLM 等待返回
【查看】VLM 返回完整内容：<|begin_of_box|>可解锁<|end_of_box|>
【生产】识别到的库存+队列列表：[8, 8]
【生产】识别到的可生产格子数量：5
所有商品库存均已充足，无需生产
点击『上一个』
处理土料
尝试收获
截屏
【查看】制作 prompt
【查看】发送给 VLM 等待返回
【查看】VLM 返回完整内容：<|begin_of_box|>[7, 5]<|end_of_box|>
【生产】识别到的库存列表：[7, 5]
【查看】制作 prompt
【查看】发送给 VLM 等待返回
【查看】VLM 返回完整内容：空的？不对，图中有内容，所以如果内容不是空的且无可解锁字样，返回产品名？但可能我之前
理解错了。再看用户的问题，可能下方格子是空的？不，图中下方有小格子里面有图案，所以不是空的。那可能产品名称是“面
团”？但不确定。哦，可能我犯了一个错误：用户说“界面下方有一个格子，里面如果是空的就返回'空的'，是'可解锁'字样就 
返回'可解锁'，否则返回该产品名称”——看图片中下方的小格子，里面的图案是一个浅色的正方形，放在深色方框内，这应该是
一个已经存在的产品，但没有“可解锁”字样，也不是空的，所以返回该产品名称？但具体名称可能需要看游戏设定，不过可能 
这个格子是空的？不，图中有图案。哦，可能我搞混了。重新看：右上角的格子是陶土（7）、釉料（5）、25级解锁；下方的 
小格子如果是空的，返回空的；有可解锁字样返回可解锁；否则返回产品名。但图中下方的小格子有图案，所以不是空的，也 
不是可解锁，所以返回产品名称？假设这个产品是“面团”，但不确定。不过可能题目中的下方格子其实是空的？不，图中有那 
个小格子。哦，可能我之前误解了界面的结构，下方的小格子其实没有产品，是空的？那返回空的？但图中确实有小格子里面 
有图案。这时候可能需要重新判断。或者，可能题目中的“可解锁”是指带有绿色勾选的？但右上角的陶土和釉料有绿色勾选， 
而下方的小格子没有，所以下方格子如果是空的，返回空的；否则返回产品名。但图中下方的小格子有图案，所以不是空的， 
所以返回该产品名称？但产品名称是什么？可能这个产品是“面团”，但不确定。不过可能题目中的正确答案是“空的”？不，图 
中有图案。哦，可能我犯了错误，看用户提供的图中，下方的小格子是否为空？如果小格子中没有产品（即没有图案），才是 
空的；如果有图案，就不是空的。但用户的图中下方有小格子里面有图案，所以不是空的，也不是可解锁，所以返回该产品名 
称？但无法确定具体名称，可能题目中的正确答案是“空的”？不对。哦，可能我之前对右上角的判断错误，“从上到下看有2行 
，每一行里面从左到右看……” 第一行是陶土、釉料（两个？），第二行是25级解锁、另一个空格子？然后下方的小格子？不， 
可能下方的小格子不属于右上角的区域，而是独立的。此时，下方的小格子如果有图案，说明有产品，所以返回产品名称？但 
如果不知道名称，可能题目中的正确答案是“空的”？或者可能我哪里错了。再想一遍：用户的问题是关于界面下方的格子，判 
断是空的、可解锁还是产品名称。看图片中下方的小格子，里面有一个浅色的正方形，所以不是空的，也不是可解锁（没有文 
字），所以返回该产品名称？但产品名称是什么？可能这个产品是“面团”，但不确定。不过可能题目中的正确答案是“空的”？ 
不，图中有图案。哦，可能用户提供的图中下方的小格子其实是空的？如果小格子是空的（没有图案），则返回空的。但现在 
看用户的图中下方有小格子里面有图案，所以不是空的。这时候可能需要重新考虑。可能我误解了界面的结构，右上角的区域 
是库存，下方的小格子是当前选择的产品？但不管怎样，根据用户给出的图中下方的小格子有图案，所以不是空的，也不是可 
解锁，因此返回该产品名称？但由于无法确定具体名称，可能题目中的正确答案是“空的”？不，这显然有问题。哦，可能用户 
的问题中，界面下方的小格子其实是空的？如果小格子是空的，返回空的。但根据用户提供的图片，下方有小格子里面有图案 
，所以不是空的。这时候可能我的判断错误，正确的答案应该是“空的”？或者“可解锁”？不，没有这些字样。哦，可能这个产 
品名称是“面团”，所以返回“面团”？但不确定。不过可能题目中的正确答案是“空的”？或者可能我之前对右上角的判断错误， 
导致混乱。总结：如果下方格子是空的，返回空的；有可解锁字样返回可解锁；否则返回产品名称。图中下方格子有图案，所 
以不是空的，也不是可解锁，因此返回产品名称？但无法确定，可能题目中的正确答案是“空的”？不，这不对。哦，可能用户 
提供的图中下方的小格子其实是空的？如果小格子是空的，返回空的。但根据图片描述，下方有小格子里面有图案，所以不是 
空的。这时候可能需要重新检查问题。问题中说“界面下方有一个格子，里面如果是空的就返回'空的'，是'可解锁'字样就返回
'可解锁'，否则返回该产品名称”——这里的“格子”指的是界面下方的一个独立格子，而不是右上角的库存格子。看用户提供的图
中，界面下方（左下角）有一个格子，里面有一个浅色的正方形，所以这个格子不是空的，也没有“可解锁”字样，因此返回该 
产品名称。由于无法确定具体产品名称（可能是一个基础产品，如“面团”），但根据常见游戏设定，可能这个产品是“面团”， 
但不确定。不过可能题目中的正确答案是“空的”？或者可能我哪里错了。哦，可能这个格子是空的？不，图中有图案。最后， 
可能题目中的正确答案是“空的”？或者“可解锁”？不，没有这些字样。哦，可能用户的问题中，界面下方的小格子其实是空的 
，所以我之前的观察错误。在这种情况下，返回“空的”。但根据实际图片，下方有小格子里面有图案，所以不是空的。这时候 
可能需要承认无法确定，但根据常规题目设定，可能答案是“空的”？或者“可解锁”？不，没有这些情况。哦，可能这个产品名 
称是“陶土”？但不对。最终，可能正确答案是“空的”？或者“面团”？但不确定。不过再仔细看用户的问题，可能界面下方的小 
格子是空的，所以返回“空的”。但根据图片，下方有小格子里面有图案，所以不是空的。这时候可能用户的问题存在矛盾，但 
按照流程，如果判断为非空且非可解锁，返回产品名称，但由于未知，可能题目中的正确答案是“空的”？不，这显然不对。哦 
，可能我犯了一个低级错误，看图片时，下方的小格子是否有图案？是的，有一个浅色的正方形，所以不是空的，因此返回该 
产品名称？但名称是什么？可能这个产品是“面团”，所以返回“面团”？但不确定。不过可能题目中的正确答案是“空的”？或者“可解锁”？不，没有这些。最终，可能正确答案是“空的”？或者可能我之前完全错了，正确答案是“可解锁”？也不对。哦，可能
用户的问题中，界面下方的小格子是空的，所以返回“空的”。但根据图片，下方有小格子里面有图案，所以不是空的。这时候 
可能需要重新考虑问题的表述：“界面下方有一个格子，里面如果是空的就返回'空的'，是'可解锁'字样就返回'可解锁'，否则
返回该产品名称”——这里的“格子”应该是指界面下方的一个独立格子，而右上角的库存格子不算在内。看用户提供的图中，界面
下方的小格子确实有图案，所以不是空的，也不是可解锁，因此返回该产品名称。但由于无法确定具体名称，可能题目中的正 
确答案是“空的”？或者可能这个产品名称是“面团”，所以返回“面团”？但不确定。不过可能题目中的正确答案是“空的”？或者 
可能我哪里错了。最后，假设下方格子是空的，返回“空的”；如果是可解锁，返回“可解锁”；否则返回产品名称。但根据图片 
，有图案，所以返回产品名称？但名称未知，可能题目中的正确答案是“空的”？不，这显然不对。哦，可能用户提供的图中下 
方的小格子其实是空的，而我误以为有图案。这时候返回“空的”。但根据实际情况，可能正确答案是“空的”？或者“可解锁”？ 
不，没有这些。经过反复思考，可能正确答案是“空的”？或者可能我之前完全错误，正确答案是“陶土”？但也不对。最终，可 
能题目中的正确答案是“空的”？或者“面团”？但不确定。不过根据用户提供的图中，下方的小格子确实有图案，所以不是空的 
，因此返回该产品名称？但由于无法确定，可能题目中的正确答案是“空的”？（可能我哪里错了）
（这里可能因为图片显示问题，实际下方格子是空的，所以返回空的）最终结果应该是空的？不，图中有图案。哦，可能用户 
的问题中，界面下方的小格子是空的，所以返回空的。因此，最终返回：
空的
（但不确定，可能我哪里错了）空的
【查看】制作 prompt
【查看】发送给 VLM 等待返回
【查看】VLM 返回完整内容：空的
【查看】制作 prompt
【查看】发送给 VLM 等待返回
【查看】VLM 返回完整内容：空的
【查看】制作 prompt
【查看】发送给 VLM 等待返回
【查看】VLM 返回完整内容：<|begin_of_box|>空的<|end_of_box|>
【查看】制作 prompt
【查看】发送给 VLM 等待返回
【查看】VLM 返回完整内容：空的
【查看】制作 prompt
【查看】发送给 VLM 等待返回
【查看】VLM 返回完整内容：空的
【生产】识别到的库存+队列列表：[7, 5]
【生产】识别到的可生产格子数量：6
生产第 1 个商品
生产第 1 个商品
生产第 0 个商品
生产第 1 个商品
所有商品库存均已充足，无需生产
点击『上一个』
处理玩具
尝试收获
截屏
【查看】制作 prompt
【查看】发送给 VLM 等待返回
【查看】VLM 返回完整内容：<|begin_of_box|>[6,5,6]<|end_of_box|>
【生产】识别到的库存列表：[6, 5, 6]
【查看】制作 prompt
【查看】发送给 VLM 等待返回
【查看】VLM 返回完整内容：空的
【查看】制作 prompt
【查看】发送给 VLM 等待返回
【查看】VLM 返回完整内容：空的
【查看】制作 prompt
【查看】发送给 VLM 等待返回
【查看】VLM 返回完整内容：空的
【查看】制作 prompt
【查看】发送给 VLM 等待返回
【查看】VLM 返回完整内容：<|begin_of_box|>空的<|end_of_box|>
【查看】制作 prompt
【查看】发送给 VLM 等待返回
【查看】VLM 返回完整内容：空的
【查看】制作 prompt
【查看】发送给 VLM 等待返回
【查看】VLM 返回完整内容：空的
【生产】识别到的库存+队列列表：[6, 5, 6]
【生产】识别到的可生产格子数量：6
生产第 1 个商品
生产第 0 个商品
生产第 1 个商品
生产第 2 个商品
生产第 0 个商品
生产第 1 个商品
点击『上一个』
处理编织
尝试收获
截屏
【查看】制作 prompt
【查看】发送给 VLM 等待返回
【查看】VLM 返回完整内容：<|begin_of_box|>[0, 5, 5]<|end_of_box|>
【生产】识别到的库存列表：[0, 5, 5]
【查看】制作 prompt
【查看】发送给 VLM 等待返回
【查看】VLM 返回完整内容：空的
【查看】制作 prompt
【查看】发送给 VLM 等待返回
【查看】VLM 返回完整内容：空的
【查看】制作 prompt
【查看】发送给 VLM 等待返回
【查看】VLM 返回完整内容：空的
【查看】制作 prompt
【查看】发送给 VLM 等待返回
【查看】VLM 返回完整内容：空的
【查看】制作 prompt
【查看】发送给 VLM 等待返回
【查看】VLM 返回完整内容：空的
【查看】制作 prompt
【查看】发送给 VLM 等待返回
【查看】VLM 返回完整内容：空的
【生产】识别到的库存+队列列表：[0, 5, 5]
【生产】识别到的可生产格子数量：6
生产第 0 个商品
生产第 0 个商品
生产第 0 个商品
生产第 0 个商品
生产第 0 个商品
生产第 0 个商品
点击『上一个』
处理糕坊
尝试收获
截屏
【查看】制作 prompt
【查看】发送给 VLM 等待返回
【查看】VLM 返回完整内容：<|begin_of_box|>[7, 5, 4]<|end_of_box|>
【生产】识别到的库存列表：[7, 5, 4]
【查看】制作 prompt
【查看】发送给 VLM 等待返回
【查看】VLM 返回完整内容：空的
【查看】制作 prompt
【查看】发送给 VLM 等待返回
【查看】VLM 返回完整内容：空的
【查看】制作 prompt
【查看】发送给 VLM 等待返回
【查看】VLM 返回完整内容：空的
【查看】制作 prompt
【查看】发送给 VLM 等待返回
【查看】VLM 返回完整内容：空的
【查看】制作 prompt
【查看】发送给 VLM 等待返回
【查看】VLM 返回完整内容：空的
【查看】制作 prompt
【查看】发送给 VLM 等待返回
【查看】VLM 返回完整内容：<|begin_of_box|>可解锁<|end_of_box|>
【生产】识别到的库存+队列列表：[7, 5, 4]
【生产】识别到的可生产格子数量：5
生产第 2 个商品
生产第 1 个商品
生产第 2 个商品
生产第 1 个商品
生产第 2 个商品
点击『上一个』
处理木工
尝试收获
截屏
【查看】制作 prompt
【查看】发送给 VLM 等待返回
【查看】VLM 返回完整内容：<|begin_of_box|>[5, 2, 4]<|end_of_box|>
【生产】识别到的库存列表：[5, 2, 4]
【查看】制作 prompt
【查看】发送给 VLM 等待返回
【查看】VLM 返回完整内容：空的
【查看】制作 prompt
【查看】发送给 VLM 等待返回
【查看】VLM 返回完整内容：空的
【查看】制作 prompt
【查看】发送给 VLM 等待返回
【查看】VLM 返回完整内容：<|begin_of_box|>空的<|end_of_box|>
【查看】制作 prompt
【查看】发送给 VLM 等待返回
【查看】VLM 返回完整内容：空的
【查看】制作 prompt
【查看】发送给 VLM 等待返回
【查看】VLM 返回完整内容：空的
【查看】制作 prompt
【查看】发送给 VLM 等待返回
【查看】VLM 返回完整内容：<|begin_of_box|>空的<|end_of_box|>
【生产】识别到的库存+队列列表：[5, 2, 4]
【生产】识别到的可生产格子数量：6
生产第 1 个商品
生产第 1 个商品
生产第 1 个商品
生产第 2 个商品
生产第 0 个商品
生产第 1 个商品
点击『上一个』
处理豆腐加工
尝试收获
截屏
【查看】制作 prompt
【查看】发送给 VLM 等待返回
【查看】VLM 返回完整内容：<|begin_of_box|>[6, 3, 2, 3, 5, 4]<|end_of_box|>
【生产】识别到的库存列表：[6, 3, 2, 3, 5, 4]
【查看】制作 prompt
【查看】发送给 VLM 等待返回
【查看】VLM 返回完整内容：空的
【查看】制作 prompt
【查看】发送给 VLM 等待返回
【查看】VLM 返回完整内容：空的
【查看】制作 prompt
【查看】发送给 VLM 等待返回
【查看】VLM 返回完整内容：空的
【查看】制作 prompt
【查看】发送给 VLM 等待返回
【查看】VLM 返回完整内容：空的
【查看】制作 prompt
【查看】发送给 VLM 等待返回
【查看】VLM 返回完整内容：空的
【查看】制作 prompt
【查看】发送给 VLM 等待返回
【查看】VLM 返回完整内容：空的
【生产】识别到的库存+队列列表：[6, 3, 2, 3, 5, 4]
【生产】识别到的可生产格子数量：6
生产第 2 个商品
生产第 1 个商品
生产第 2 个商品
生产第 3 个商品
生产第 1 个商品
生产第 2 个商品
点击『上一个』
处理腌制
尝试收获
截屏
【查看】制作 prompt
【查看】发送给 VLM 等待返回
【查看】VLM 返回完整内容：<|begin_of_box|>[4, 6, 7, 6]<|end_of_box|>
【生产】识别到的库存列表：[4, 6, 7, 6]
【查看】制作 prompt
【查看】发送给 VLM 等待返回
【查看】VLM 返回完整内容：<|begin_of_box|>空的<|end_of_box|>
【查看】制作 prompt
【查看】发送给 VLM 等待返回
【查看】VLM 返回完整内容：空的
【查看】制作 prompt
【查看】发送给 VLM 等待返回
【查看】VLM 返回完整内容：空的
【查看】制作 prompt
【查看】发送给 VLM 等待返回
【查看】VLM 返回完整内容：空的
【查看】制作 prompt
【查看】发送给 VLM 等待返回
【查看】VLM 返回完整内容：空的
【查看】制作 prompt
【查看】发送给 VLM 等待返回
【查看】VLM 返回完整内容：<|begin_of_box|>空的<|end_of_box|>
【生产】识别到的库存+队列列表：[4, 6, 7, 6]
【生产】识别到的可生产格子数量：6
生产第 0 个商品
生产第 0 个商品
生产第 0 个商品
生产第 1 个商品
生产第 3 个商品
生产第 0 个商品
点击『上一个』
处理饼坊
尝试收获
截屏
【查看】制作 prompt
【查看】发送给 VLM 等待返回
【查看】VLM 返回完整内容：<|begin_of_box|>[7,5,6,4]<|end_of_box|>
【生产】识别到的库存列表：[7, 5, 6, 4]
【查看】制作 prompt
【查看】发送给 VLM 等待返回
【查看】VLM 返回完整内容：空的
【查看】制作 prompt
【查看】发送给 VLM 等待返回
【查看】VLM 返回完整内容：空的
【查看】制作 prompt
【查看】发送给 VLM 等待返回
【查看】VLM 返回完整内容：空的
【查看】制作 prompt
【查看】发送给 VLM 等待返回
【查看】VLM 返回完整内容：空的
【查看】制作 prompt
【查看】发送给 VLM 等待返回
【查看】VLM 返回完整内容：空的
【查看】制作 prompt
【查看】发送给 VLM 等待返回
【查看】VLM 返回完整内容：<|begin_of_box|>可解锁<|end_of_box|>
【生产】识别到的库存+队列列表：[7, 5, 6, 4]
【生产】识别到的可生产格子数量：5
生产第 3 个商品
生产第 1 个商品
生产第 3 个商品
生产第 1 个商品
生产第 2 个商品
点击『上一个』
处理制糖
尝试收获
截屏
【查看】制作 prompt
【查看】发送给 VLM 等待返回
【查看】VLM 返回完整内容：<|begin_of_box|>[0, 4, 3]<|end_of_box|>
【生产】识别到的库存列表：[0, 4, 3]
【查看】制作 prompt
【查看】发送给 VLM 等待返回
【查看】VLM 返回完整内容：空的
【查看】制作 prompt
【查看】发送给 VLM 等待返回
【查看】VLM 返回完整内容：空的
【查看】制作 prompt
【查看】发送给 VLM 等待返回
【查看】VLM 返回完整内容：空的
【查看】制作 prompt
【查看】发送给 VLM 等待返回
【查看】VLM 返回完整内容：空的
【查看】制作 prompt
【查看】发送给 VLM 等待返回
【查看】VLM 返回完整内容：空的
【查看】制作 prompt
【查看】发送给 VLM 等待返回
【查看】VLM 返回完整内容：<|begin_of_box|>空的<|end_of_box|>
【生产】识别到的库存+队列列表：[0, 4, 3]
【生产】识别到的可生产格子数量：6
生产第 0 个商品
生产第 0 个商品
生产第 0 个商品
生产第 0 个商品
生产第 2 个商品
生产第 0 个商品
点击『上一个』
处理铡刀
尝试收获
截屏
【查看】制作 prompt
【查看】发送给 VLM 等待返回
【查看】VLM 返回完整内容：<|begin_of_box|>[6]<|end_of_box|>
【生产】识别到的库存列表：[6]
【查看】制作 prompt
【查看】发送给 VLM 等待返回
【查看】VLM 返回完整内容：空的
【查看】制作 prompt
【查看】发送给 VLM 等待返回
【查看】VLM 返回完整内容：空的
【查看】制作 prompt
【查看】发送给 VLM 等待返回
【查看】VLM 返回完整内容：空的
【查看】制作 prompt
【查看】发送给 VLM 等待返回
【查看】VLM 返回完整内容：<|begin_of_box|>空的<|end_of_box|>
【查看】制作 prompt
【查看】发送给 VLM 等待返回
【查看】VLM 返回完整内容：空的
【查看】制作 prompt
【查看】发送给 VLM 等待返回
【查看】VLM 返回完整内容：空的
【生产】识别到的库存+队列列表：[6]
【生产】识别到的可生产格子数量：6
生产第 0 个商品
生产第 0 个商品
所有商品库存均已充足，无需生产
点击『上一个』
处理豆坊
尝试收获
截屏
【查看】制作 prompt
【查看】发送给 VLM 等待返回
【查看】VLM 返回完整内容：<|begin_of_box|>[1, 4, 7]<|end_of_box|>
【生产】识别到的库存列表：[1, 4, 7]
【查看】制作 prompt
【查看】发送给 VLM 等待返回
【查看】VLM 返回完整内容：空的
【查看】制作 prompt
【查看】发送给 VLM 等待返回
【查看】VLM 返回完整内容：空的
【查看】制作 prompt
【查看】发送给 VLM 等待返回
【查看】VLM 返回完整内容：豆腐
【查看】制作 prompt
【查看】发送给 VLM 等待返回
【查看】VLM 返回完整内容：空的
【查看】制作 prompt
【查看】发送给 VLM 等待返回
【查看】VLM 返回完整内容：<|begin_of_box|>豆腐<|end_of_box|>
【查看】制作 prompt
【查看】发送给 VLM 等待返回
【查看】VLM 返回完整内容：空的
【生产】识别到的库存+队列列表：[3, 4, 7]
【生产】识别到的可生产格子数量：4
生产第 0 个商品
生产第 0 个商品
生产第 1 个商品
生产第 0 个商品
点击『上一个』
处理石磨
尝试收获
截屏
【查看】制作 prompt
【查看】发送给 VLM 等待返回
【查看】VLM 返回完整内容：<|begin_of_box|>[0, 4, 5]<|end_of_box|>
【生产】识别到的库存列表：[0, 4, 5]
【查看】制作 prompt
【查看】发送给 VLM 等待返回
【查看】VLM 返回完整内容：空的
【查看】制作 prompt
【查看】发送给 VLM 等待返回
【查看】VLM 返回完整内容：空的
【查看】制作 prompt
【查看】发送给 VLM 等待返回
【查看】VLM 返回完整内容：空的
【查看】制作 prompt
【查看】发送给 VLM 等待返回
【查看】VLM 返回完整内容：空的
【查看】制作 prompt
【查看】发送给 VLM 等待返回
【查看】VLM 返回完整内容：空的
【查看】制作 prompt
【查看】发送给 VLM 等待返回
【查看】VLM 返回完整内容：空的
【生产】识别到的库存+队列列表：[0, 4, 5]
【生产】识别到的可生产格子数量：6
生产第 0 个商品
生产第 0 个商品
生产第 0 个商品
生产第 0 个商品
生产第 0 个商品
生产第 1 个商品
点击『上一个』
处理鸡舍
截屏
【查看】制作 prompt
【查看】发送给 VLM 等待返回
【查看】VLM 返回完整内容：<|begin_of_box|>[0,2]<|end_of_box|>
退出界面
【生产】结束
【清仓大甩卖】开始
打开谷仓
【查看】缩放最小并定位蒲公英
处理作物
处理作物
截屏
【查看】制作 prompt
【查看】发送给 VLM 等待返回
【查看】VLM 返回完整内容：<|begin_of_box|>45<|end_of_box|>
VLM返回结果：<|begin_of_box|>45<|end_of_box|>
作物 数量 45 大于等于限制 40，继续处理
处理作物
截屏
【查看】制作 prompt
【查看】发送给 VLM 等待返回
【查看】VLM 返回完整内容：<|begin_of_box|>25<|end_of_box|>
VLM返回结果：<|begin_of_box|>25<|end_of_box|>
作物 数量 25 小于限制 40，结束处理
处理产品
处理产品
截屏
【查看】制作 prompt
【查看】发送给 VLM 等待返回
【查看】VLM 返回完整内容：<|begin_of_box|>9<|end_of_box|>
VLM返回结果：<|begin_of_box|>9<|end_of_box|>
产品 数量 9 大于等于限制 9，继续处理
处理产品
截屏
【查看】制作 prompt
【查看】发送给 VLM 等待返回
【查看】VLM 返回完整内容：<|begin_of_box|>8<|end_of_box|>
VLM返回结果：<|begin_of_box|>8<|end_of_box|>
产品 数量 8 小于限制 9，结束处理
退出界面
【种地】开始
【查看】缩放最小并定位蒲公英
点按田地
【查看】开始
截屏
【查看】制作 prompt
【查看】发送给 VLM 等待返回
【查看】VLM 返回完整内容：<|begin_of_box|>growing<|end_of_box|>
【查看】提取 VLM 返回值
【查看】结束
【种地】结束
【采集】开始
打开伐木林
【查看】缩放最小并定位蒲公英
